app/build/outputs/logs/manifest-merger-debug-report.txt
-- Merging decision tree log ---
manifest
ADDED from src/main/AndroidManifest.xml:2:1-33:12
	xmlns:android
		ADDED from src/main/AndroidManifest.xml:2:11-69
	package
		ADDED from src/main/AndroidManifest.xml:3:5-52
		INJECTED from src/main/AndroidManifest.xml
		INJECTED from src/main/AndroidManifest.xml
	android:versionName
		INJECTED from src/main/AndroidManifest.xml
		INJECTED from src/main/AndroidManifest.xml
	android:versionCode
		INJECTED from src/main/AndroidManifest.xml
		INJECTED from src/main/AndroidManifest.xml
uses-permission#android.permission.RECORD_AUDIO
ADDED from src/main/AndroidManifest.xml:5:5-70
	android:name
		ADDED from src/main/AndroidManifest.xml:5:22-68
uses-permission#android.permission.MODIFY_AUDIO_SETTINGS
ADDED from src/main/AndroidManifest.xml:7:5-79
	android:name
		ADDED from src/main/AndroidManifest.xml:7:22-77
application
ADDED from src/main/AndroidManifest.xml:9:5-31:19
MERGED from [com.android.support:support-v4:21.0.3] AndroidManifest.xml:16:5-19
	android:label
		ADDED from src/main/AndroidManifest.xml:12:9-41
	android:allowBackup
		ADDED from src/main/AndroidManifest.xml:10:9-35
	android:icon
		ADDED from src/main/AndroidManifest.xml:11:9-43
	android:theme
		ADDED from src/main/AndroidManifest.xml:13:9-40
activity#com.example.nijie.audioeffectscontrol.AudioEffectsControlMainActivity
ADDED from src/main/AndroidManifest.xml:14:9-22:20
	android:label
		ADDED from src/main/AndroidManifest.xml:16:13-45
	android:name
		ADDED from src/main/AndroidManifest.xml:15:13-60
intent-filter#android.intent.action.MAIN+android.intent.category.LAUNCHER
ADDED from src/main/AndroidManifest.xml:17:13-21:29
action#android.intent.action.MAIN
ADDED from src/main/AndroidManifest.xml:18:17-69
	android:name
		ADDED from src/main/AndroidManifest.xml:18:25-66
category#android.intent.category.LAUNCHER
ADDED from src/main/AndroidManifest.xml:20:17-77
	android:name
		ADDED from src/main/AndroidManifest.xml:20:27-74
activity#com.example.nijie.audioeffectscontrol.ItemDetailActivity
ADDED from src/main/AndroidManifest.xml:23:9-30:20
	android:label
		ADDED from src/main/AndroidManifest.xml:25:13-54
	android:parentActivityName
		ADDED from src/main/AndroidManifest.xml:26:13-74
	android:name
		ADDED from src/main/AndroidManifest.xml:24:13-47
meta-data#android.support.PARENT_ACTIVITY
ADDED from src/main/AndroidManifest.xml:27:13-29:68
	android:name
		ADDED from src/main/AndroidManifest.xml:28:17-63
	android:value
		ADDED from src/main/AndroidManifest.xml:29:17-65
uses-sdk
INJECTED from src/main/AndroidManifest.xml reason: use-sdk injection requested
MERGED from [com.android.support:support-v4:21.0.3] AndroidManifest.xml:15:5-42
	android:targetSdkVersion
		INJECTED from src/main/AndroidManifest.xml
		INJECTED from src/main/AndroidManifest.xml
	android:minSdkVersion
		INJECTED from src/main/AndroidManifest.xml
		INJECTED from src/main/AndroidManifest.xml